#
# There is insufficient memory for the Java Runtime Environment to continue.
# Native memory allocation (malloc) failed to allocate 1048576 bytes for AllocateHeap
# Possible reasons:
#   The system is out of physical RAM or swap space
#   In 32 bit mode, the process size limit was hit
# Possible solutions:
#   Reduce memory load on the system
#   Increase physical memory or swap space
#   Check if swap backing store is full
#   Use 64 bit Java on a 64 bit OS
#   Decrease Java heap size (-Xmx/-Xms)
#   Decrease number of Java threads
#   Decrease Java thread stack sizes (-Xss)
#   Set larger code cache with -XX:ReservedCodeCacheSize=
# This output file may be truncated or incomplete.
#
#  Out of Memory Error (memory/allocation.inline.hpp:61), pid=1392, tid=15768
#
# JRE version:  (7.0_79-b15) (build )
# Java VM: Java HotSpot(TM) 64-Bit Server VM (24.79-b02 mixed mode windows-amd64 compressed oops)
# Failed to write core dump. Minidumps are not enabled by default on client versions of Windows
#

---------------  T H R E A D  ---------------

Current thread (0x000000000237e000):  JavaThread "Unknown thread" [_thread_in_vm, id=15768, stack(0x0000000002070000,0x0000000002170000)]

Stack: [0x0000000002070000,0x0000000002170000]

---------------  P R O C E S S  ---------------

Java Threads: ( => current thread )

Other Threads:

=>0x000000000237e000 (exited) JavaThread "Unknown thread" [_thread_in_vm, id=15768, stack(0x0000000002070000,0x0000000002170000)]

VM state:not at safepoint (normal execution)

VM Mutex/Monitor currently owned by a thread: None

Heap
 PSYoungGen      total 38400K, used 665K [0x00000000eaa80000, 0x00000000ed500000, 0x0000000100000000)
  eden space 33280K, 2% used [0x00000000eaa80000,0x00000000eab266b8,0x00000000ecb00000)
  from space 5120K, 0% used [0x00000000ed000000,0x00000000ed000000,0x00000000ed500000)
  to   space 5120K, 0% used [0x00000000ecb00000,0x00000000ecb00000,0x00000000ed000000)
 ParOldGen       total 86016K, used 0K [0x00000000c0000000, 0x00000000c5400000, 0x00000000eaa80000)
  object space 86016K, 0% used [0x00000000c0000000,0x00000000c0000000,0x00000000c5400000)
 PSPermGen       total 21504K, used 697K [0x00000000bae00000, 0x00000000bc300000, 0x00000000c0000000)
  object space 21504K, 3% used [0x00000000bae00000,0x00000000baeae588,0x00000000bc300000)

Card table byte_map: [0x0000000005380000,0x00000000055b0000] byte_map_base: 0x0000000004da9000

Polling page: 0x0000000002170000

Code Cache  [0x0000000002380000, 0x00000000025f0000, 0x0000000005380000)
 total_blobs=38 nmethods=0 adapters=20 free_code_cache=48889Kb largest_free_block=50062528

Compilation events (0 events):
No events

GC Heap History (0 events):
No events

Deoptimization events (0 events):
No events

Internal exceptions (0 events):
No events

Events (10 events):
Event: 0.020 loading class 0x00000000021f7e70
Event: 0.020 loading class 0x00000000021f7e70 done
Event: 0.020 loading class 0x00000000021f7ec0
Event: 0.020 loading class 0x00000000021f7ec0 done
Event: 0.020 loading class 0x00000000021f7f10
Event: 0.020 loading class 0x00000000021f7f10 done
Event: 0.021 loading class 0x00000000021f8c90
Event: 0.021 loading class 0x00000000021f8c90 done
Event: 0.021 loading class 0x00000000021f88b0
Event: 0.021 loading class 0x00000000021f88b0 done


Dynamic libraries:
0x00007ff6bacc0000 - 0x00007ff6bacf3000 	C:\Program Files\Java\jdk1.7.0_79\bin\java.exe
0x00007ff9293b0000 - 0x00007ff929571000 	C:\WINDOWS\SYSTEM32\ntdll.dll
0x00007ff926a50000 - 0x00007ff926afd000 	C:\WINDOWS\system32\KERNEL32.DLL
0x00007ff9265c0000 - 0x00007ff9267a8000 	C:\WINDOWS\system32\KERNELBASE.dll
0x00007ff9267b0000 - 0x00007ff926857000 	C:\WINDOWS\system32\ADVAPI32.dll
0x00007ff927500000 - 0x00007ff92759d000 	C:\WINDOWS\system32\msvcrt.dll
0x00007ff9269e0000 - 0x00007ff926a3b000 	C:\WINDOWS\system32\sechost.dll
0x00007ff929130000 - 0x00007ff92924c000 	C:\WINDOWS\system32\RPCRT4.dll
0x00007ff9278c0000 - 0x00007ff927a16000 	C:\WINDOWS\system32\USER32.dll
0x00007ff926b00000 - 0x00007ff926c86000 	C:\WINDOWS\system32\GDI32.dll
0x00007ff921010000 - 0x00007ff921284000 	C:\WINDOWS\WinSxS\amd64_microsoft.windows.common-controls_6595b64144ccf1df_6.0.10586.0_none_8c15ae12515e1c22\COMCTL32.dll
0x00007ff927280000 - 0x00007ff9274fd000 	C:\WINDOWS\system32\combase.dll
0x00007ff926470000 - 0x00007ff9264da000 	C:\WINDOWS\system32\bcryptPrimitives.dll
0x00007ff927a20000 - 0x00007ff927a5b000 	C:\WINDOWS\system32\IMM32.DLL
0x00000000747e0000 - 0x00000000748b2000 	C:\Program Files\Java\jdk1.7.0_79\jre\bin\msvcr100.dll
0x00000000736b0000 - 0x0000000073e85000 	C:\Program Files\Java\jdk1.7.0_79\jre\bin\server\jvm.dll
0x00007ff929320000 - 0x00007ff929328000 	C:\WINDOWS\system32\PSAPI.DLL
0x00007ff923810000 - 0x00007ff923819000 	C:\WINDOWS\SYSTEM32\WSOCK32.dll
0x00007ff923110000 - 0x00007ff923133000 	C:\WINDOWS\SYSTEM32\WINMM.dll
0x00007ff929250000 - 0x00007ff9292bb000 	C:\WINDOWS\system32\WS2_32.dll
0x0000000000440000 - 0x000000000046c000 	C:\WINDOWS\SYSTEM32\WINMMBASE.dll
0x00007ff925ac0000 - 0x00007ff925b03000 	C:\WINDOWS\system32\cfgmgr32.dll
0x0000000074fb0000 - 0x0000000074fbf000 	C:\Program Files\Java\jdk1.7.0_79\jre\bin\verify.dll
0x0000000074f40000 - 0x0000000074f68000 	C:\Program Files\Java\jdk1.7.0_79\jre\bin\java.dll
0x0000000074f20000 - 0x0000000074f35000 	C:\Program Files\Java\jdk1.7.0_79\jre\bin\zip.dll

VM Arguments:
jvm_args: -Xmx1024M -Dfile.encoding=windows-1251 -Duser.country=RU -Duser.language=ru -Duser.variant 
java_command: com.android.dx.command.Main --dex --num-threads=4 --output D:\Android\Diplom\MyDiplomgit\MyDiplom2\app\build\intermediates\dex\debug D:\Android\Diplom\MyDiplomgit\MyDiplom2\app\build\intermediates\classes\debug D:\Android\Diplom\MyDiplomgit\MyDiplom2\app\build\intermediates\pre-dexed\debug\support-annotations-23.4.0-6c2a284fdd61d0d8ac24aa3991d9cfbc35ef85c7.jar D:\Android\Diplom\MyDiplomgit\MyDiplom2\app\build\intermediates\pre-dexed\debug\classes-ef3b1cb19d1f18601875bed1cc3c9475e1aa5f8c.jar D:\Android\Diplom\MyDiplomgit\MyDiplom2\app\build\intermediates\pre-dexed\debug\classes-11d15c4cc39869c83ee8943f7e8151aa8d45da4f.jar D:\Android\Diplom\MyDiplomgit\MyDiplom2\app\build\intermediates\pre-dexed\debug\internal_impl-23.4.0-ceb2cfff14ea1032a0a974c1254036c1cb933926.jar D:\Android\Diplom\MyDiplomgit\MyDiplom2\app\build\intermediates\pre-dexed\debug\classes-30862bd8ae0acb6e56cd60431dc0e0eece9b8cf6.jar D:\Android\Diplom\MyDiplomgit\MyDiplom2\app\build\intermediates\pre-dexed\debug\classes-55c096abee840803b491a35ccd26a670a234fbe0.jar
Launcher Type: SUN_STANDARD

Environment Variables:
JAVA_HOME=C:\Progra~2\Java\jdk1.7.0_80
PATH=C:\ProgramData\Oracle\Java\javapath;C:\Program Files (x86)\Borland\Delphi7\Bin;C:\Program Files (x86)\Borland\Delphi7\Projects\Bpl\;C:\Program Files (x86)\Intel\iCLS Client\;C:\Program Files\Intel\iCLS Client\;C:\Program Files (x86)\NVIDIA Corporation\PhysX\Common;C:\WINDOWS\system32;C:\WINDOWS;C:\WINDOWS\System32\Wbem;C:\WINDOWS\System32\WindowsPowerShell\v1.0\;C:\Program Files\Intel\Intel(R) Management Engine Components\DAL;C:\Program Files (x86)\Intel\Intel(R) Management Engine Components\DAL;C:\Program Files\Intel\Intel(R) Management Engine Components\IPT;C:\Program Files (x86)\Intel\Intel(R) Management Engine Components\IPT;C:\WINDOWS\system32\config\systemprofile\.dnx\bin;C:\Program Files\Microsoft DNX\Dnvm\;C:\Program Files\Microsoft SQL Server\120\Tools\Binn\;C:\Program Files (x86)\Windows Kits\10\Windows Performance Toolkit\;C:\Program Files\TortoiseGit\bin;C:\Program Files\Intel\WiFi\bin\;C:\Program Files\Common Files\Intel\WirelessCommon\;C:\Program Files (x86)\Skype\Phone\;C:\Program Files\Intel\WiFi\bin\;C:\Program Files\Common Files\Intel\WirelessCommon\;C:\Program Files (x86)\SSH Communications Security\SSH Secure Shell
USERNAME=Андрей
OS=Windows_NT
PROCESSOR_IDENTIFIER=Intel64 Family 6 Model 61 Stepping 4, GenuineIntel



---------------  S Y S T E M  ---------------

OS: Windows 8.1 , 64 bit Build 9600 

CPU:total 4 (2 cores per cpu, 2 threads per core) family 6 model 61 stepping 4, cmov, cx8, fxsr, mmx, sse, sse2, sse3, ssse3, sse4.1, sse4.2, popcnt, avx, avx2, aes, erms, ht, tsc, tscinvbit

Memory: 4k page, physical 8288680k(1580860k free), swap 9337256k(5976k free)

vm_info: Java HotSpot(TM) 64-Bit Server VM (24.79-b02) for windows-amd64 JRE (1.7.0_79-b15), built on Apr 10 2015 12:36:16 by "java_re" with unknown MS VC++:1600

time: Sun Jun 19 17:53:17 2016
elapsed time: 0 seconds

